#
# A fatal error has been detected by the Java Runtime Environment:
#
#  EXCEPTION_ACCESS_VIOLATION (0xc0000005) at pc=0x00007ffb8bbb00f6, pid=19792, tid=12188
#
# JRE version: OpenJDK Runtime Environment Temurin-21.0.7+6 (21.0.7+6) (build 21.0.7+6-LTS)
# Java VM: OpenJDK 64-Bit Server VM Temurin-21.0.7+6 (21.0.7+6-LTS, mixed mode, sharing, tiered, compressed oops, compressed class ptrs, parallel gc, windows-amd64)
# Problematic frame:
# V  [jvm.dll+0x1400f6]
#
# No core dump will be written. Minidumps are not enabled by default on client versions of Windows
#
# If you would like to submit a bug report, please visit:
#   https://github.com/adoptium/adoptium-support/issues
#

---------------  S U M M A R Y ------------

Command Line: --add-modules=ALL-SYSTEM --add-opens=java.base/java.util=ALL-UNNAMED --add-opens=java.base/java.lang=ALL-UNNAMED --add-opens=java.base/sun.nio.fs=ALL-UNNAMED -Declipse.application=org.eclipse.jdt.ls.core.id1 -Dosgi.bundles.defaultStartLevel=4 -Declipse.product=org.eclipse.jdt.ls.core.product -Djava.import.generatesMetadataFilesAtProjectRoot=false -DDetectVMInstallationsJob.disabled=true -Dfile.encoding=utf8 -XX:+UseParallelGC -XX:GCTimeRatio=4 -XX:AdaptiveSizePolicyWeight=90 -Dsun.zip.disableMemoryMapping=true -Xmx1G -Xms100m -Xlog:disable -javaagent:c:\Users\ADMIN\.cursor\extensions\redhat.java-1.42.0-win32-x64\lombok\lombok-1.18.36.jar -XX:+HeapDumpOnOutOfMemoryError -XX:HeapDumpPath=c:\Users\ADMIN\AppData\Roaming\Cursor\User\workspaceStorage\ec06299c7a48b930900c32dc4f448a39\redhat.java -Daether.dependencyCollector.impl=bf c:\Users\ADMIN\.cursor\extensions\redhat.java-1.42.0-win32-x64\server\plugins\org.eclipse.equinox.launcher_1.7.0.v20250424-1814.jar -configuration c:\Users\ADMIN\AppData\Roaming\Cursor\User\globalStorage\redhat.java\1.42.0\config_win -data c:\Users\ADMIN\AppData\Roaming\Cursor\User\workspaceStorage\ec06299c7a48b930900c32dc4f448a39\redhat.java\jdt_ws --pipe=\\.\pipe\lsp-0ee748f0a4bf6dbca2cbce29c04dadf6-sock

Host: AMD Ryzen 5 PRO 4650G with Radeon Graphics, 12 cores, 15G,  Windows 11 , 64 bit Build 22621 (10.0.22621.5124)
Time: Thu May 22 21:10:46 2025 Malay Peninsula Standard Time elapsed time: 13716.465817 seconds (0d 3h 48m 36s)

---------------  T H R E A D  ---------------

Current thread (0x000002176d22c900):  JavaThread "C2 CompilerThread0" daemon [_thread_in_native, id=12188, stack(0x000000cc77900000,0x000000cc77a00000) (1024K)]


Current CompileTask:
C2:13716465 28726       4       org.eclipse.jdt.internal.compiler.ClassFile::addAttributes (653 bytes)

Stack: [0x000000cc77900000,0x000000cc77a00000],  sp=0x000000cc779fc8e0,  free space=1010k
Native frames: (J=compiled Java code, j=interpreted, Vv=VM code, C=native code)
V  [jvm.dll+0x1400f6]
V  [jvm.dll+0x6facf9]
V  [jvm.dll+0x6fac6c]
V  [jvm.dll+0x6f8b87]
V  [jvm.dll+0x6fa1e4]
V  [jvm.dll+0x1e00f6]
V  [jvm.dll+0x247c42]
V  [jvm.dll+0x2470cf]
V  [jvm.dll+0x1c760e]
V  [jvm.dll+0x25695a]
V  [jvm.dll+0x254efa]
V  [jvm.dll+0x3f03f6]
V  [jvm.dll+0x851f6b]
V  [jvm.dll+0x6cc7dd]
C  [ucrtbase.dll+0x29333]
C  [KERNEL32.DLL+0x1259d]
C  [ntdll.dll+0x5af38]


siginfo: EXCEPTION_ACCESS_VIOLATION (0xc0000005), reading address 0xffffffffffffffff


Registers:
RAX=0x000000cc779fd050, RBX=0x48ccd7d603a1816b, RCX=0x48ccd7d603a1816b, RDX=0x0000021774157180
RSP=0x000000cc779fc8e0, RBP=0x00000217749d22c0, RSI=0x0000021772e1a138, RDI=0x0000021774157180
R8 =0x0000021774157180, R9 =0x0000021772e1a138, R10=0x0000000000000009, R11=0x3333333333333333
R12=0x0000000000000040, R13=0x0000000000000000, R14=0x000000cc779fd0f0, R15=0x000000cc779fd0f0
RIP=0x00007ffb8bbb00f6, EFLAGS=0x0000000000010202

XMM[0]=0x0000000000000000 0x0000000000000000
XMM[1]=0x00000217739883e8 0x000002177543e738
XMM[2]=0x000002177e267248 0x00000217739883e8
XMM[3]=0x0000000000000000 0x0000000000000000
XMM[4]=0x0000000000000000 0x0000000000000000
XMM[5]=0x0000000000000000 0x0000000000000000
XMM[6]=0x0000000000000000 0x0000000000000000
XMM[7]=0x0000000000000000 0x0000000000000000
XMM[8]=0x0000000000000000 0x0000000000000000
XMM[9]=0x0000000000000000 0x0000000000000000
XMM[10]=0x0000000000000000 0x0000000000000000
XMM[11]=0x0000000000000000 0x0000000000000000
XMM[12]=0x0000000000000000 0x0000000000000000
XMM[13]=0x0000000000000000 0x0000000000000000
XMM[14]=0x0000000000000000 0x0000000000000000
XMM[15]=0x0000000000000000 0x0000000000000000
  MXCSR=0x00001fb2


Register to memory mapping:

RAX=0x000000cc779fd050 is pointing into the stack for thread: 0x000002176d22c900
RBX=0x48ccd7d603a1816b is an unknown value
RCX=0x48ccd7d603a1816b is an unknown value
RDX=0x0000021774157180 points into unknown readable memory: 0x00007ffb8c46ed10 | 10 ed 46 8c fb 7f 00 00
RSP=0x000000cc779fc8e0 is pointing into the stack for thread: 0x000002176d22c900
RBP=0x00000217749d22c0 points into unknown readable memory: 0x40287552a3671464 | 64 14 67 a3 52 75 28 40
RSI=0x0000021772e1a138 points into unknown readable memory: 0x00007ffb8c45a788 | 88 a7 45 8c fb 7f 00 00
RDI=0x0000021774157180 points into unknown readable memory: 0x00007ffb8c46ed10 | 10 ed 46 8c fb 7f 00 00
R8 =0x0000021774157180 points into unknown readable memory: 0x00007ffb8c46ed10 | 10 ed 46 8c fb 7f 00 00
R9 =0x0000021772e1a138 points into unknown readable memory: 0x00007ffb8c45a788 | 88 a7 45 8c fb 7f 00 00
R10=0x0000000000000009 is an unknown value
R11=0x3333333333333333 is an unknown value
R12=0x0000000000000040 is an unknown value
R13=0x0 is null
R14=0x000000cc779fd0f0 is pointing into the stack for thread: 0x000002176d22c900
R15=0x000000cc779fd0f0 is pointing into the stack for thread: 0x000002176d22c900

Top of Stack: (sp=0x000000cc779fc8e0)
0x000000cc779fc8e0:   0000021772e1a298 000000cc779fd0f0
0x000000cc779fc8f0:   0000021773872e30 000000cc779fd0f0
0x000000cc779fc900:   48ccd7d603a1816b 00007ffb8c16acf9
0x000000cc779fc910:   0000000000000002 0000021773871a80
0x000000cc779fc920:   000002177543e738 0000021774156fb0
0x000000cc779fc930:   0000021773872e30 0000021773871a80
0x000000cc779fc940:   000000cc779fd0f0 0000000000000040
0x000000cc779fc950:   00000217749d22c0 000002177f710c18
0x000000cc779fc960:   0000000000000008 0000021774157180
0x000000cc779fc970:   000002176d3c0960 00007ffb8c16ac6c
0x000000cc779fc980:   000002176d8f1b48 000002176d8f1b48
0x000000cc779fc990:   0000021774157180 0000021772e1a138
0x000000cc779fc9a0:   00000217738706d0 000002177386f320
0x000000cc779fc9b0:   000000cc779fd0f0 000002177386f320
0x000000cc779fc9c0:   000002176d8f1b48 0000000000000000
0x000000cc779fc9d0:   0000000000000264 00007ffb8c168b87
0x000000cc779fc9e0:   0000000000001320 0000000000000001
0x000000cc779fc9f0:   00000217738706d0 000000cc779fd0f0
0x000000cc779fca00:   0000021772e1a138 00000217738706d0
0x000000cc779fca10:   000002177386f320 000002177386f320
0x000000cc779fca20:   0000000000000040 0000000000000000
0x000000cc779fca30:   00000217738706d0 000002177f710c18
0x000000cc779fca40:   00000217738706d0 000002177386f320
0x000000cc779fca50:   0000021772e1a138 0000000000000000
0x000000cc779fca60:   000000cc779fd0f0 000000cc779fcb80
0x000000cc779fca70:   0000000000000008 00007ffb8c16a1e4
0x000000cc779fca80:   0000000000000258 000002177f710c18
0x000000cc779fca90:   0000021700000008 0000021772e1a138
0x000000cc779fcaa0:   00000217738706d0 000002177386f320
0x000000cc779fcab0:   0000000000000201 00000000ffffffff
0x000000cc779fcac0:   0000021772e1a138 000002177386f320
0x000000cc779fcad0:   000002177f710c18 0000021700000002 

Instructions: (pc=0x00007ffb8bbb00f6)
0x00007ffb8bbafff6:   4c 8b 7c 24 40 48 8b 7c 24 48 48 8b 74 24 50 48
0x00007ffb8bbb0006:   8b 9c 24 98 00 00 00 0f 28 7c 24 20 48 8b 45 10
0x00007ffb8bbb0016:   41 ff c4 44 3b 60 40 73 58 90 48 8b 40 30 4e 8b
0x00007ffb8bbb0026:   04 e0 41 ff c4 49 8b 45 20 8b 48 4c 49 8b 45 08
0x00007ffb8bbb0036:   4c 89 04 c8 41 8b 50 4c 49 8b 45 20 49 8b 4d 10
0x00007ffb8bbb0046:   48 89 04 d1 4d 89 45 20 48 8b 45 38 41 8b 50 4c
0x00007ffb8bbb0056:   48 8b 48 08 41 8b 45 00 89 04 91 48 8b 45 20 41
0x00007ffb8bbb0066:   8b 48 4c 4c 89 34 c8 48 8b 45 10 44 3b 60 40 72
0x00007ffb8bbb0076:   a9 48 83 c4 58 41 5e 41 5d 41 5c 5d c3 cc cc cc
0x00007ffb8bbb0086:   cc cc cc cc cc cc cc cc cc cc 40 53 48 83 ec 20
0x00007ffb8bbb0096:   44 8b 51 28 45 33 c0 4c 8b d9 45 85 d2 74 38 8b
0x00007ffb8bbb00a6:   59 18 45 33 c9 0f 1f 44 00 00 44 3b c3 73 0a 49
0x00007ffb8bbb00b6:   8b 43 20 49 8b 0c 01 eb 02 33 c9 48 3b ca 74 0e
0x00007ffb8bbb00c6:   41 ff c0 49 83 c1 08 45 3b c2 73 0b eb dc 41 8b
0x00007ffb8bbb00d6:   c0 48 83 c4 20 5b c3 ba 8d 00 00 00 48 8d 0d 77
0x00007ffb8bbb00e6:   a7 8a 00 e8 a2 f6 13 00 cc cc 40 53 48 83 ec 20
0x00007ffb8bbb00f6:   44 8b 49 28 4c 8b da 33 d2 48 8b d9 45 85 c9 74
0x00007ffb8bbb0106:   3e 44 8b 51 18 45 33 c0 66 90 41 3b d2 73 0a 48
0x00007ffb8bbb0116:   8b 43 20 49 8b 0c 00 eb 02 33 c9 49 3b cb 74 0d
0x00007ffb8bbb0126:   ff c2 49 83 c0 08 41 3b d1 73 14 eb dd 48 8d 4b
0x00007ffb8bbb0136:   10 e8 24 a7 56 00 ff 4b 28 48 83 c4 20 5b c3 ba
0x00007ffb8bbb0146:   8d 00 00 00 48 8d 0d 0f a7 8a 00 e8 3a f6 13 00
0x00007ffb8bbb0156:   cc cc cc cc cc cc cc cc cc cc 48 8b c4 48 89 48
0x00007ffb8bbb0166:   08 55 41 56 48 81 ec 88 00 00 00 33 ed 4c 8b f1
0x00007ffb8bbb0176:   89 ac 24 a8 00 00 00 39 69 40 0f 86 d3 03 00 00
0x00007ffb8bbb0186:   48 89 58 18 48 89 70 e8 48 89 78 e0 0f 29 78 a8
0x00007ffb8bbb0196:   f2 0f 10 3d 42 09 8a 00 44 0f 29 40 98 f3 44 0f
0x00007ffb8bbb01a6:   10 05 28 69 8a 00 4c 89 60 d8 4c 89 68 d0 4c 89
0x00007ffb8bbb01b6:   78 c8 0f 29 70 b8 0f 1f 40 00 49 8b 46 30 48 8b
0x00007ffb8bbb01c6:   34 e8 80 be 88 00 00 00 00 89 6e 4c 0f 85 3a 03
0x00007ffb8bbb01d6:   00 00 41 8b 46 40 ff c8 3b e8 73 0d 49 8b 46 30
0x00007ffb8bbb01e6:   8d 4d 01 4c 8b 3c c8 eb 03 45 33 ff 48 8b 46 40 


Stack slot to memory mapping:

stack at sp + 0 slots: 0x0000021772e1a298 points into unknown readable memory: 0x00007ffb8c45a788 | 88 a7 45 8c fb 7f 00 00
stack at sp + 1 slots: 0x000000cc779fd0f0 is pointing into the stack for thread: 0x000002176d22c900
stack at sp + 2 slots: 0x0000021773872e30 points into unknown readable memory: 0x000002176b1fdd90 | 90 dd 1f 6b 17 02 00 00
stack at sp + 3 slots: 0x000000cc779fd0f0 is pointing into the stack for thread: 0x000002176d22c900
stack at sp + 4 slots: 0x48ccd7d603a1816b is an unknown value
stack at sp + 5 slots: 0x00007ffb8c16acf9 jvm.dll
stack at sp + 6 slots: 0x0000000000000002 is an unknown value
stack at sp + 7 slots: 0x0000021773871a80 points into unknown readable memory: 0x000002176b1fdd90 | 90 dd 1f 6b 17 02 00 00


---------------  P R O C E S S  ---------------

Threads class SMR info:
_java_thread_list=0x000002177fb86630, length=46, elements={
0x0000021715df3460, 0x000002176d2144b0, 0x000002176b1fc490, 0x000002176b1fe500,
0x000002176d219400, 0x000002176d21ae30, 0x000002176d21e3f0, 0x000002176d22c900,
0x000002176d24f650, 0x000002176d30dfd0, 0x000002176d3d46c0, 0x00000217721ac9e0,
0x00000217721ac350, 0x00000217721aa910, 0x00000217721aafa0, 0x00000217723b42d0,
0x00000217723b3c40, 0x00000217723b9eb0, 0x00000217723b8b00, 0x00000217723b2f20,
0x00000217723b7750, 0x00000217723b35b0, 0x00000217723b4ff0, 0x00000217723b7de0,
0x00000217723b8470, 0x00000217740560a0, 0x0000021774055380, 0x0000021774055a10,
0x0000021774054cf0, 0x0000021774056730, 0x0000021774057ae0, 0x0000021774056dc0,
0x0000021774057450, 0x00000217744ef070, 0x00000217744f17d0, 0x00000217744f24f0,
0x00000217723ba540, 0x00000217725f8ae0, 0x00000217725fbf60, 0x00000217725fc5f0,
0x00000217725f9e90, 0x000002177e0d9570, 0x000002177e0ddda0, 0x000002177e0de430,
0x000002177e0d8850, 0x000002177e0deac0
}

Java Threads: ( => current thread )
  0x0000021715df3460 JavaThread "main"                              [_thread_blocked, id=20332, stack(0x000000cc76f00000,0x000000cc77000000) (1024K)]
  0x000002176d2144b0 JavaThread "Reference Handler"          daemon [_thread_blocked, id=12020, stack(0x000000cc77300000,0x000000cc77400000) (1024K)]
  0x000002176b1fc490 JavaThread "Finalizer"                  daemon [_thread_blocked, id=17376, stack(0x000000cc77400000,0x000000cc77500000) (1024K)]
  0x000002176b1fe500 JavaThread "Signal Dispatcher"          daemon [_thread_blocked, id=11296, stack(0x000000cc77500000,0x000000cc77600000) (1024K)]
  0x000002176d219400 JavaThread "Attach Listener"            daemon [_thread_blocked, id=1868, stack(0x000000cc77600000,0x000000cc77700000) (1024K)]
  0x000002176d21ae30 JavaThread "Service Thread"             daemon [_thread_blocked, id=24496, stack(0x000000cc77700000,0x000000cc77800000) (1024K)]
  0x000002176d21e3f0 JavaThread "Monitor Deflation Thread"   daemon [_thread_blocked, id=11560, stack(0x000000cc77800000,0x000000cc77900000) (1024K)]
=>0x000002176d22c900 JavaThread "C2 CompilerThread0"         daemon [_thread_in_native, id=12188, stack(0x000000cc77900000,0x000000cc77a00000) (1024K)]
  0x000002176d24f650 JavaThread "C1 CompilerThread0"         daemon [_thread_blocked, id=23004, stack(0x000000cc77a00000,0x000000cc77b00000) (1024K)]
  0x000002176d30dfd0 JavaThread "Common-Cleaner"             daemon [_thread_blocked, id=24828, stack(0x000000cc77b00000,0x000000cc77c00000) (1024K)]
  0x000002176d3d46c0 JavaThread "Notification Thread"        daemon [_thread_blocked, id=16332, stack(0x000000cc77c00000,0x000000cc77d00000) (1024K)]
  0x00000217721ac9e0 JavaThread "Active Thread: Equinox Container: 968df031-191e-462d-8ae1-8df1dfb0a201"        [_thread_blocked, id=11592, stack(0x000000cc78a00000,0x000000cc78b00000) (1024K)]
  0x00000217721ac350 JavaThread "Framework Event Dispatcher: Equinox Container: 968df031-191e-462d-8ae1-8df1dfb0a201" daemon [_thread_blocked, id=23380, stack(0x000000cc77d00000,0x000000cc77e00000) (1024K)]
  0x00000217721aa910 JavaThread "Start Level: Equinox Container: 968df031-191e-462d-8ae1-8df1dfb0a201" daemon [_thread_blocked, id=23412, stack(0x000000cc78b00000,0x000000cc78c00000) (1024K)]
  0x00000217721aafa0 JavaThread "Refresh Thread: Equinox Container: 968df031-191e-462d-8ae1-8df1dfb0a201" daemon [_thread_blocked, id=16408, stack(0x000000cc78e00000,0x000000cc78f00000) (1024K)]
  0x00000217723b42d0 JavaThread "Bundle File Closer"         daemon [_thread_blocked, id=12604, stack(0x000000cc78d00000,0x000000cc78e00000) (1024K)]
  0x00000217723b3c40 JavaThread "SCR Component Actor"        daemon [_thread_blocked, id=21984, stack(0x000000cc79700000,0x000000cc79800000) (1024K)]
  0x00000217723b9eb0 JavaThread "Worker-JM"                         [_thread_blocked, id=24728, stack(0x000000cc79a00000,0x000000cc79b00000) (1024K)]
  0x00000217723b8b00 JavaThread "JNA Cleaner"                daemon [_thread_blocked, id=9532, stack(0x000000cc79b00000,0x000000cc79c00000) (1024K)]
  0x00000217723b2f20 JavaThread "Java indexing"              daemon [_thread_blocked, id=19576, stack(0x000000cc79f00000,0x000000cc7a000000) (1024K)]
  0x00000217723b7750 JavaThread "Thread-2"                   daemon [_thread_in_native, id=24580, stack(0x000000cc7a500000,0x000000cc7a600000) (1024K)]
  0x00000217723b35b0 JavaThread "Thread-3"                   daemon [_thread_in_native, id=25260, stack(0x000000cc7a600000,0x000000cc7a700000) (1024K)]
  0x00000217723b4ff0 JavaThread "Thread-4"                   daemon [_thread_in_native, id=13780, stack(0x000000cc7a700000,0x000000cc7a800000) (1024K)]
  0x00000217723b7de0 JavaThread "Thread-5"                   daemon [_thread_in_native, id=20200, stack(0x000000cc7a800000,0x000000cc7a900000) (1024K)]
  0x00000217723b8470 JavaThread "Thread-6"                   daemon [_thread_in_native, id=20416, stack(0x000000cc7a900000,0x000000cc7aa00000) (1024K)]
  0x00000217740560a0 JavaThread "Thread-7"                   daemon [_thread_in_native, id=14488, stack(0x000000cc7aa00000,0x000000cc7ab00000) (1024K)]
  0x0000021774055380 JavaThread "Thread-8"                   daemon [_thread_in_native, id=24864, stack(0x000000cc7ab00000,0x000000cc7ac00000) (1024K)]
  0x0000021774055a10 JavaThread "Thread-9"                   daemon [_thread_in_native, id=19640, stack(0x000000cc7ac00000,0x000000cc7ad00000) (1024K)]
  0x0000021774054cf0 JavaThread "Thread-10"                  daemon [_thread_in_native, id=25576, stack(0x000000cc7ad00000,0x000000cc7ae00000) (1024K)]
  0x0000021774056730 JavaThread "Thread-11"                  daemon [_thread_in_native, id=21572, stack(0x000000cc7ae00000,0x000000cc7af00000) (1024K)]
  0x0000021774057ae0 JavaThread "Thread-12"                  daemon [_thread_in_native, id=25480, stack(0x000000cc7af00000,0x000000cc7b000000) (1024K)]
  0x0000021774056dc0 JavaThread "Thread-13"                  daemon [_thread_in_native, id=25304, stack(0x000000cc7b000000,0x000000cc7b100000) (1024K)]
  0x0000021774057450 JavaThread "Thread-14"                  daemon [_thread_in_native, id=20108, stack(0x000000cc7b100000,0x000000cc7b200000) (1024K)]
  0x00000217744ef070 JavaThread "pool-2-thread-1"                   [_thread_blocked, id=8952, stack(0x000000cc7b300000,0x000000cc7b400000) (1024K)]
  0x00000217744f17d0 JavaThread "WorkspaceEventsHandler"            [_thread_blocked, id=9028, stack(0x000000cc7b400000,0x000000cc7b500000) (1024K)]
  0x00000217744f24f0 JavaThread "pool-1-thread-1"                   [_thread_blocked, id=22228, stack(0x000000cc7b500000,0x000000cc7b600000) (1024K)]
  0x00000217723ba540 JavaThread "ForkJoinPool.commonPool-worker-52" daemon [_thread_blocked, id=25216, stack(0x000000cc76e00000,0x000000cc76f00000) (1024K)]
  0x00000217725f8ae0 JavaThread "ForkJoinPool.commonPool-worker-61" daemon [_thread_blocked, id=24560, stack(0x000000cc78500000,0x000000cc78600000) (1024K)]
  0x00000217725fbf60 JavaThread "Worker-50"                         [_thread_blocked, id=26116, stack(0x000000cc76c00000,0x000000cc76d00000) (1024K)]
  0x00000217725fc5f0 JavaThread "ForkJoinPool.commonPool-worker-71" daemon [_thread_blocked, id=24260, stack(0x000000cc78800000,0x000000cc78900000) (1024K)]
  0x00000217725f9e90 JavaThread "ForkJoinPool.commonPool-worker-72" daemon [_thread_blocked, id=18156, stack(0x000000cc78900000,0x000000cc78a00000) (1024K)]
  0x000002177e0d9570 JavaThread "Worker-54"                         [_thread_blocked, id=20428, stack(0x000000cc78f00000,0x000000cc79000000) (1024K)]
  0x000002177e0ddda0 JavaThread "Compiler Source File Reader" daemon [_thread_blocked, id=25816, stack(0x000000cc79100000,0x000000cc79200000) (1024K)]
  0x000002177e0de430 JavaThread "Compiler Source File Reader" daemon [_thread_blocked, id=13380, stack(0x000000cc78600000,0x000000cc78700000) (1024K)]
  0x000002177e0d8850 JavaThread "Compiler Source File Reader" daemon [_thread_blocked, id=20208, stack(0x000000cc76d00000,0x000000cc76e00000) (1024K)]
  0x000002177e0deac0 JavaThread "Compiler Processing Task"   daemon [_thread_blocked, id=18724, stack(0x000000cc78400000,0x000000cc78500000) (1024K)]
Total: 46

Other Threads:
  0x0000021713ac0130 VMThread "VM Thread"                           [id=20260, stack(0x000000cc77200000,0x000000cc77300000) (1024K)]
  0x0000021715e5f010 WatcherThread "VM Periodic Task Thread"        [id=6232, stack(0x000000cc77100000,0x000000cc77200000) (1024K)]
  0x0000021713abfd90 WorkerThread "GC Thread#0"                     [id=20028, stack(0x000000cc77000000,0x000000cc77100000) (1024K)]
  0x0000021713abef10 WorkerThread "GC Thread#1"                     [id=23344, stack(0x000000cc77e00000,0x000000cc77f00000) (1024K)]
  0x0000021713abf2b0 WorkerThread "GC Thread#2"                     [id=24104, stack(0x000000cc77f00000,0x000000cc78000000) (1024K)]
  0x000002176de07bc0 WorkerThread "GC Thread#3"                     [id=25440, stack(0x000000cc78000000,0x000000cc78100000) (1024K)]
  0x000002176de09520 WorkerThread "GC Thread#4"                     [id=23108, stack(0x000000cc78100000,0x000000cc78200000) (1024K)]
  0x000002176de0a000 WorkerThread "GC Thread#5"                     [id=17000, stack(0x000000cc78200000,0x000000cc78300000) (1024K)]
  0x000002176de0a3a0 WorkerThread "GC Thread#6"                     [id=23996, stack(0x000000cc78300000,0x000000cc78400000) (1024K)]
  0x000002176de098c0 WorkerThread "GC Thread#7"                     [id=22324, stack(0x000000cc78c00000,0x000000cc78d00000) (1024K)]
  0x000002176de069a0 WorkerThread "GC Thread#8"                     [id=25412, stack(0x000000cc79600000,0x000000cc79700000) (1024K)]
  0x000002176de08de0 WorkerThread "GC Thread#9"                     [id=25184, stack(0x000000cc79500000,0x000000cc79600000) (1024K)]
Total: 12

Threads with active compile tasks:
C2 CompilerThread0  13716511 28726       4       org.eclipse.jdt.internal.compiler.ClassFile::addAttributes (653 bytes)
Total: 1

VM state: not at safepoint (normal execution)

VM Mutex/Monitor currently owned by a thread: None

Heap address: 0x00000000c0000000, size: 1024 MB, Compressed Oops mode: 32-bit

CDS archive(s) mapped at: [0x000002172a000000-0x000002172aba0000-0x000002172aba0000), size 12189696, SharedBaseAddress: 0x000002172a000000, ArchiveRelocationMode: 1.
Compressed class space mapped at: 0x000002172b000000-0x000002176b000000, reserved size: 1073741824
Narrow klass base: 0x000002172a000000, Narrow klass shift: 0, Narrow klass range: 0x100000000

GC Precious Log:
 CardTable entry size: 512
 CPUs: 12 total, 12 available
 Memory: 15662M
 Large Page Support: Disabled
 NUMA Support: Disabled
 Compressed Oops: Enabled (32-bit)
 Alignments: Space 512K, Generation 512K, Heap 2M
 Heap Min Capacity: 100M
 Heap Initial Capacity: 100M
 Heap Max Capacity: 1G
 Pre-touch: Disabled
 Parallel Workers: 10

Heap:
 PSYoungGen      total 3584K, used 1371K [0x00000000eab00000, 0x00000000eb080000, 0x0000000100000000)
  eden space 2560K, 13% used [0x00000000eab00000,0x00000000eab56d68,0x00000000ead80000)
  from space 1024K, 100% used [0x00000000eae00000,0x00000000eaf00000,0x00000000eaf00000)
  to   space 1536K, 0% used [0x00000000eaf00000,0x00000000eaf00000,0x00000000eb080000)
 ParOldGen       total 667648K, used 667535K [0x00000000c0000000, 0x00000000e8c00000, 0x00000000eab00000)
  object space 667648K, 99% used [0x00000000c0000000,0x00000000e8be3d08,0x00000000e8c00000)
 Metaspace       used 79231K, committed 80704K, reserved 1179648K
  class space    used 7502K, committed 8256K, reserved 1048576K

Card table byte_map: [0x0000021715790000,0x00000217159a0000] _byte_map_base: 0x0000021715190000

Marking Bits: (ParMarkBitMap*) 0x00007ffb8c7231f0
 Begin Bits: [0x0000021727fe0000, 0x0000021728fe0000)
 End Bits:   [0x0000021728fe0000, 0x0000021729fe0000)

Polling page: 0x0000021713c30000

Metaspace:

Usage:
  Non-class:     70.05 MB used.
      Class:      7.33 MB used.
       Both:     77.37 MB used.

Virtual space:
  Non-class space:      128.00 MB reserved,      70.75 MB ( 55%) committed,  2 nodes.
      Class space:        1.00 GB reserved,       8.06 MB ( <1%) committed,  1 nodes.
             Both:        1.12 GB reserved,      78.81 MB (  7%) committed. 

Chunk freelists:
   Non-Class:  9.01 MB
       Class:  7.99 MB
        Both:  17.00 MB

MaxMetaspaceSize: unlimited
CompressedClassSpaceSize: 1.00 GB
Initial GC threshold: 21.00 MB
Current GC threshold: 130.12 MB
CDS: on
 - commit_granule_bytes: 65536.
 - commit_granule_words: 8192.
 - virtual_space_node_default_size: 8388608.
 - enlarge_chunks_in_place: 1.
 - use_allocation_guard: 0.


Internal statistics:

num_allocs_failed_limit: 9.
num_arena_births: 1704.
num_arena_deaths: 426.
num_vsnodes_births: 3.
num_vsnodes_deaths: 0.
num_space_committed: 1261.
num_space_uncommitted: 0.
num_chunks_returned_to_freelist: 496.
num_chunks_taken_from_freelist: 6051.
num_chunk_merges: 125.
num_chunk_splits: 3364.
num_chunks_enlarged: 1735.
num_inconsistent_stats: 0.

CodeHeap 'non-profiled nmethods': size=120000Kb used=21902Kb max_used=21902Kb free=98098Kb
 bounds [0x0000021720ab0000, 0x0000021722060000, 0x0000021727fe0000]
CodeHeap 'profiled nmethods': size=120000Kb used=20412Kb max_used=44421Kb free=99587Kb
 bounds [0x0000021718fe0000, 0x000002171bb50000, 0x0000021720510000]
CodeHeap 'non-nmethods': size=5760Kb used=1471Kb max_used=1553Kb free=4288Kb
 bounds [0x0000021720510000, 0x0000021720780000, 0x0000021720ab0000]
 total_blobs=11429 nmethods=10644 adapters=682
 compilation: enabled
              stopped_count=0, restarted_count=0
 full_count=0

Compilation events (20 events):
Event: 13662.229 Thread 0x000002176d22c900 nmethod 28716 0x000002172204ed10 code [0x000002172204ef60, 0x000002172204fe80]
Event: 13662.337 Thread 0x000002176d22c900 28717   !   4       org.eclipse.jdt.core.dom.FieldAccess::getExpression (60 bytes)
Event: 13662.339 Thread 0x000002176d22c900 nmethod 28717 0x00000217214d7f10 code [0x00000217214d80a0, 0x00000217214d8150]
Event: 13662.364 Thread 0x000002176d22c900 28718       4       org.eclipse.jdt.core.dom.FieldAccess::accept0 (34 bytes)
Event: 13662.387 Thread 0x000002176d22c900 nmethod 28718 0x0000021722050610 code [0x0000021722050920, 0x0000021722051e88]
Event: 13664.033 Thread 0x000002176d22c900 28719       4       org.eclipse.jdt.internal.core.PackageFragmentRoot::toStringInfo (122 bytes)
Event: 13664.049 Thread 0x000002176d22c900 nmethod 28719 0x0000021722052890 code [0x0000021722052ba0, 0x0000021722053dd8]
Event: 13715.444 Thread 0x000002176d22c900 28720       4       org.eclipse.jdt.internal.compiler.ClassFile::initialize (494 bytes)
Event: 13715.453 Thread 0x000002176d22c900 nmethod 28720 0x0000021722054f10 code [0x0000021722055160, 0x0000021722055a48]
Event: 13715.648 Thread 0x000002176d22c900 28721   !   4       sun.nio.cs.StreamDecoder::inReady (36 bytes)
Event: 13715.649 Thread 0x000002176d22c900 nmethod 28721 0x0000021720d31210 code [0x0000021720d313a0, 0x0000021720d314e8]
Event: 13715.652 Thread 0x000002176d22c900 28722  s    4       org.eclipse.jdt.internal.core.JavaModelManager::putInfos (192 bytes)
Event: 13715.691 Thread 0x000002176d22c900 nmethod 28722 0x0000021722056310 code [0x00000217220565c0, 0x0000021722057af8]
Event: 13715.750 Thread 0x000002176d24f650 28723       3       org.eclipse.jdt.internal.core.ClasspathEntry::ignoreOptionalProblems (65 bytes)
Event: 13715.751 Thread 0x000002176d24f650 nmethod 28723 0x000002171b62ac90 code [0x000002171b62ae80, 0x000002171b62b250]
Event: 13715.754 Thread 0x000002176d22c900 28724       4       java.text.MessageFormat::format (15 bytes)
Event: 13715.757 Thread 0x000002176d22c900 nmethod 28724 0x0000021720f64310 code [0x0000021720f644e0, 0x0000021720f64890]
Event: 13715.836 Thread 0x000002176d22c900 28725       4       org.eclipse.jdt.internal.core.search.indexing.AbstractIndexer::addDefaultConstructorDeclaration (21 bytes)
Event: 13715.840 Thread 0x000002176d22c900 nmethod 28725 0x0000021721b5a210 code [0x0000021721b5a3e0, 0x0000021721b5a8d0]
Event: 13716.033 Thread 0x000002176d22c900 28726       4       org.eclipse.jdt.internal.compiler.ClassFile::addAttributes (653 bytes)

GC Heap History (20 events):
Event: 13715.707 GC heap before
{Heap before GC invocations=9929 (full 16):
 PSYoungGen      total 5632K, used 4983K [0x00000000eab00000, 0x00000000eb380000, 0x0000000100000000)
  eden space 2560K, 90% used [0x00000000eab00000,0x00000000ead45eb8,0x00000000ead80000)
  from space 3072K, 86% used [0x00000000ead80000,0x00000000eb018000,0x00000000eb080000)
  to   space 3072K, 0% used [0x00000000eb080000,0x00000000eb080000,0x00000000eb380000)
 ParOldGen       total 656384K, used 656275K [0x00000000c0000000, 0x00000000e8100000, 0x00000000eab00000)
  object space 656384K, 99% used [0x00000000c0000000,0x00000000e80e4d48,0x00000000e8100000)
 Metaspace       used 79231K, committed 80704K, reserved 1179648K
  class space    used 7502K, committed 8256K, reserved 1048576K
}
Event: 13715.711 GC heap after
{Heap after GC invocations=9929 (full 16):
 PSYoungGen      total 4608K, used 1937K [0x00000000eab00000, 0x00000000eb280000, 0x0000000100000000)
  eden space 2560K, 0% used [0x00000000eab00000,0x00000000eab00000,0x00000000ead80000)
  from space 2048K, 94% used [0x00000000eb080000,0x00000000eb264400,0x00000000eb280000)
  to   space 2560K, 0% used [0x00000000ead80000,0x00000000ead80000,0x00000000eb000000)
 ParOldGen       total 658944K, used 658851K [0x00000000c0000000, 0x00000000e8380000, 0x00000000eab00000)
  object space 658944K, 99% used [0x00000000c0000000,0x00000000e8368d48,0x00000000e8380000)
 Metaspace       used 79231K, committed 80704K, reserved 1179648K
  class space    used 7502K, committed 8256K, reserved 1048576K
}
Event: 13715.734 GC heap before
{Heap before GC invocations=9930 (full 16):
 PSYoungGen      total 4608K, used 4497K [0x00000000eab00000, 0x00000000eb280000, 0x0000000100000000)
  eden space 2560K, 100% used [0x00000000eab00000,0x00000000ead80000,0x00000000ead80000)
  from space 2048K, 94% used [0x00000000eb080000,0x00000000eb264400,0x00000000eb280000)
  to   space 2560K, 0% used [0x00000000ead80000,0x00000000ead80000,0x00000000eb000000)
 ParOldGen       total 658944K, used 658851K [0x00000000c0000000, 0x00000000e8380000, 0x00000000eab00000)
  object space 658944K, 99% used [0x00000000c0000000,0x00000000e8368d48,0x00000000e8380000)
 Metaspace       used 79231K, committed 80704K, reserved 1179648K
  class space    used 7502K, committed 8256K, reserved 1048576K
}
Event: 13715.737 GC heap after
{Heap after GC invocations=9930 (full 16):
 PSYoungGen      total 5120K, used 2479K [0x00000000eab00000, 0x00000000eb380000, 0x0000000100000000)
  eden space 2560K, 0% used [0x00000000eab00000,0x00000000eab00000,0x00000000ead80000)
  from space 2560K, 96% used [0x00000000ead80000,0x00000000eafebe30,0x00000000eb000000)
  to   space 3072K, 0% used [0x00000000eb080000,0x00000000eb080000,0x00000000eb380000)
 ParOldGen       total 660480K, used 660363K [0x00000000c0000000, 0x00000000e8500000, 0x00000000eab00000)
  object space 660480K, 99% used [0x00000000c0000000,0x00000000e84e2d48,0x00000000e8500000)
 Metaspace       used 79231K, committed 80704K, reserved 1179648K
  class space    used 7502K, committed 8256K, reserved 1048576K
}
Event: 13715.744 GC heap before
{Heap before GC invocations=9931 (full 16):
 PSYoungGen      total 5120K, used 5039K [0x00000000eab00000, 0x00000000eb380000, 0x0000000100000000)
  eden space 2560K, 100% used [0x00000000eab00000,0x00000000ead80000,0x00000000ead80000)
  from space 2560K, 96% used [0x00000000ead80000,0x00000000eafebe30,0x00000000eb000000)
  to   space 3072K, 0% used [0x00000000eb080000,0x00000000eb080000,0x00000000eb380000)
 ParOldGen       total 660480K, used 660363K [0x00000000c0000000, 0x00000000e8500000, 0x00000000eab00000)
  object space 660480K, 99% used [0x00000000c0000000,0x00000000e84e2d48,0x00000000e8500000)
 Metaspace       used 79231K, committed 80704K, reserved 1179648K
  class space    used 7502K, committed 8256K, reserved 1048576K
}
Event: 13715.747 GC heap after
{Heap after GC invocations=9931 (full 16):
 PSYoungGen      total 5120K, used 2478K [0x00000000eab00000, 0x00000000eb300000, 0x0000000100000000)
  eden space 2560K, 0% used [0x00000000eab00000,0x00000000eab00000,0x00000000ead80000)
  from space 2560K, 96% used [0x00000000eb080000,0x00000000eb2eb800,0x00000000eb300000)
  to   space 2560K, 0% used [0x00000000ead80000,0x00000000ead80000,0x00000000eb000000)
 ParOldGen       total 663040K, used 662968K [0x00000000c0000000, 0x00000000e8780000, 0x00000000eab00000)
  object space 663040K, 99% used [0x00000000c0000000,0x00000000e876e1a8,0x00000000e8780000)
 Metaspace       used 79231K, committed 80704K, reserved 1179648K
  class space    used 7502K, committed 8256K, reserved 1048576K
}
Event: 13715.757 GC heap before
{Heap before GC invocations=9932 (full 16):
 PSYoungGen      total 5120K, used 5038K [0x00000000eab00000, 0x00000000eb300000, 0x0000000100000000)
  eden space 2560K, 100% used [0x00000000eab00000,0x00000000ead80000,0x00000000ead80000)
  from space 2560K, 96% used [0x00000000eb080000,0x00000000eb2eb800,0x00000000eb300000)
  to   space 2560K, 0% used [0x00000000ead80000,0x00000000ead80000,0x00000000eb000000)
 ParOldGen       total 663040K, used 662968K [0x00000000c0000000, 0x00000000e8780000, 0x00000000eab00000)
  object space 663040K, 99% used [0x00000000c0000000,0x00000000e876e1a8,0x00000000e8780000)
 Metaspace       used 79231K, committed 80704K, reserved 1179648K
  class space    used 7502K, committed 8256K, reserved 1048576K
}
Event: 13715.760 GC heap after
{Heap after GC invocations=9932 (full 16):
 PSYoungGen      total 4608K, used 1565K [0x00000000eab00000, 0x00000000eb180000, 0x0000000100000000)
  eden space 2560K, 0% used [0x00000000eab00000,0x00000000eab00000,0x00000000ead80000)
  from space 2048K, 76% used [0x00000000ead80000,0x00000000eaf07600,0x00000000eaf80000)
  to   space 2048K, 0% used [0x00000000eaf80000,0x00000000eaf80000,0x00000000eb180000)
 ParOldGen       total 665088K, used 665080K [0x00000000c0000000, 0x00000000e8980000, 0x00000000eab00000)
  object space 665088K, 99% used [0x00000000c0000000,0x00000000e897e1a8,0x00000000e8980000)
 Metaspace       used 79231K, committed 80704K, reserved 1179648K
  class space    used 7502K, committed 8256K, reserved 1048576K
}
Event: 13715.932 GC heap before
{Heap before GC invocations=9933 (full 16):
 PSYoungGen      total 4608K, used 4117K [0x00000000eab00000, 0x00000000eb180000, 0x0000000100000000)
  eden space 2560K, 99% used [0x00000000eab00000,0x00000000ead7e118,0x00000000ead80000)
  from space 2048K, 76% used [0x00000000ead80000,0x00000000eaf07600,0x00000000eaf80000)
  to   space 2048K, 0% used [0x00000000eaf80000,0x00000000eaf80000,0x00000000eb180000)
 ParOldGen       total 665088K, used 665080K [0x00000000c0000000, 0x00000000e8980000, 0x00000000eab00000)
  object space 665088K, 99% used [0x00000000c0000000,0x00000000e897e1a8,0x00000000e8980000)
 Metaspace       used 79231K, committed 80704K, reserved 1179648K
  class space    used 7502K, committed 8256K, reserved 1048576K
}
Event: 13715.934 GC heap after
{Heap after GC invocations=9933 (full 16):
 PSYoungGen      total 3072K, used 352K [0x00000000eab00000, 0x00000000eb000000, 0x0000000100000000)
  eden space 2560K, 0% used [0x00000000eab00000,0x00000000eab00000,0x00000000ead80000)
  from space 512K, 68% used [0x00000000eaf80000,0x00000000eafd8000,0x00000000eb000000)
  to   space 1024K, 0% used [0x00000000eae00000,0x00000000eae00000,0x00000000eaf00000)
 ParOldGen       total 666112K, used 665964K [0x00000000c0000000, 0x00000000e8a80000, 0x00000000eab00000)
  object space 666112K, 99% used [0x00000000c0000000,0x00000000e8a5b1c8,0x00000000e8a80000)
 Metaspace       used 79231K, committed 80704K, reserved 1179648K
  class space    used 7502K, committed 8256K, reserved 1048576K
}
Event: 13716.031 GC heap before
{Heap before GC invocations=9934 (full 16):
 PSYoungGen      total 3072K, used 2912K [0x00000000eab00000, 0x00000000eb000000, 0x0000000100000000)
  eden space 2560K, 100% used [0x00000000eab00000,0x00000000ead80000,0x00000000ead80000)
  from space 512K, 68% used [0x00000000eaf80000,0x00000000eafd8000,0x00000000eb000000)
  to   space 1024K, 0% used [0x00000000eae00000,0x00000000eae00000,0x00000000eaf00000)
 ParOldGen       total 666112K, used 665964K [0x00000000c0000000, 0x00000000e8a80000, 0x00000000eab00000)
  object space 666112K, 99% used [0x00000000c0000000,0x00000000e8a5b1c8,0x00000000e8a80000)
 Metaspace       used 79231K, committed 80704K, reserved 1179648K
  class space    used 7502K, committed 8256K, reserved 1048576K
}
Event: 13716.032 GC heap after
{Heap after GC invocations=9934 (full 16):
 PSYoungGen      total 3584K, used 352K [0x00000000eab00000, 0x00000000eb000000, 0x0000000100000000)
  eden space 2560K, 0% used [0x00000000eab00000,0x00000000eab00000,0x00000000ead80000)
  from space 1024K, 34% used [0x00000000eae00000,0x00000000eae58000,0x00000000eaf00000)
  to   space 512K, 0% used [0x00000000eaf80000,0x00000000eaf80000,0x00000000eb000000)
 ParOldGen       total 666624K, used 666199K [0x00000000c0000000, 0x00000000e8b00000, 0x00000000eab00000)
  object space 666624K, 99% used [0x00000000c0000000,0x00000000e8a95d08,0x00000000e8b00000)
 Metaspace       used 79231K, committed 80704K, reserved 1179648K
  class space    used 7502K, committed 8256K, reserved 1048576K
}
Event: 13716.036 GC heap before
{Heap before GC invocations=9935 (full 16):
 PSYoungGen      total 3584K, used 2912K [0x00000000eab00000, 0x00000000eb000000, 0x0000000100000000)
  eden space 2560K, 100% used [0x00000000eab00000,0x00000000ead80000,0x00000000ead80000)
  from space 1024K, 34% used [0x00000000eae00000,0x00000000eae58000,0x00000000eaf00000)
  to   space 512K, 0% used [0x00000000eaf80000,0x00000000eaf80000,0x00000000eb000000)
 ParOldGen       total 666624K, used 666199K [0x00000000c0000000, 0x00000000e8b00000, 0x00000000eab00000)
  object space 666624K, 99% used [0x00000000c0000000,0x00000000e8a95d08,0x00000000e8b00000)
 Metaspace       used 79231K, committed 80704K, reserved 1179648K
  class space    used 7502K, committed 8256K, reserved 1048576K
}
Event: 13716.037 GC heap after
{Heap after GC invocations=9935 (full 16):
 PSYoungGen      total 3072K, used 496K [0x00000000eab00000, 0x00000000eb000000, 0x0000000100000000)
  eden space 2560K, 0% used [0x00000000eab00000,0x00000000eab00000,0x00000000ead80000)
  from space 512K, 96% used [0x00000000eaf80000,0x00000000eaffc010,0x00000000eb000000)
  to   space 1024K, 0% used [0x00000000eae00000,0x00000000eae00000,0x00000000eaf00000)
 ParOldGen       total 666624K, used 666279K [0x00000000c0000000, 0x00000000e8b00000, 0x00000000eab00000)
  object space 666624K, 99% used [0x00000000c0000000,0x00000000e8aa9d08,0x00000000e8b00000)
 Metaspace       used 79231K, committed 80704K, reserved 1179648K
  class space    used 7502K, committed 8256K, reserved 1048576K
}
Event: 13716.145 GC heap before
{Heap before GC invocations=9936 (full 16):
 PSYoungGen      total 3072K, used 3056K [0x00000000eab00000, 0x00000000eb000000, 0x0000000100000000)
  eden space 2560K, 100% used [0x00000000eab00000,0x00000000ead80000,0x00000000ead80000)
  from space 512K, 96% used [0x00000000eaf80000,0x00000000eaffc010,0x00000000eb000000)
  to   space 1024K, 0% used [0x00000000eae00000,0x00000000eae00000,0x00000000eaf00000)
 ParOldGen       total 666624K, used 666279K [0x00000000c0000000, 0x00000000e8b00000, 0x00000000eab00000)
  object space 666624K, 99% used [0x00000000c0000000,0x00000000e8aa9d08,0x00000000e8b00000)
 Metaspace       used 79231K, committed 80704K, reserved 1179648K
  class space    used 7502K, committed 8256K, reserved 1048576K
}
Event: 13716.147 GC heap after
{Heap after GC invocations=9936 (full 16):
 PSYoungGen      total 3584K, used 320K [0x00000000eab00000, 0x00000000eb000000, 0x0000000100000000)
  eden space 2560K, 0% used [0x00000000eab00000,0x00000000eab00000,0x00000000ead80000)
  from space 1024K, 31% used [0x00000000eae00000,0x00000000eae50000,0x00000000eaf00000)
  to   space 512K, 0% used [0x00000000eaf80000,0x00000000eaf80000,0x00000000eb000000)
 ParOldGen       total 667136K, used 666683K [0x00000000c0000000, 0x00000000e8b80000, 0x00000000eab00000)
  object space 667136K, 99% used [0x00000000c0000000,0x00000000e8b0ecf8,0x00000000e8b80000)
 Metaspace       used 79231K, committed 80704K, reserved 1179648K
  class space    used 7502K, committed 8256K, reserved 1048576K
}
Event: 13716.308 GC heap before
{Heap before GC invocations=9937 (full 16):
 PSYoungGen      total 3584K, used 2879K [0x00000000eab00000, 0x00000000eb000000, 0x0000000100000000)
  eden space 2560K, 99% used [0x00000000eab00000,0x00000000ead7fff8,0x00000000ead80000)
  from space 1024K, 31% used [0x00000000eae00000,0x00000000eae50000,0x00000000eaf00000)
  to   space 512K, 0% used [0x00000000eaf80000,0x00000000eaf80000,0x00000000eb000000)
 ParOldGen       total 667136K, used 666683K [0x00000000c0000000, 0x00000000e8b80000, 0x00000000eab00000)
  object space 667136K, 99% used [0x00000000c0000000,0x00000000e8b0ecf8,0x00000000e8b80000)
 Metaspace       used 79231K, committed 80704K, reserved 1179648K
  class space    used 7502K, committed 8256K, reserved 1048576K
}
Event: 13716.310 GC heap after
{Heap after GC invocations=9937 (full 16):
 PSYoungGen      total 3072K, used 512K [0x00000000eab00000, 0x00000000eb000000, 0x0000000100000000)
  eden space 2560K, 0% used [0x00000000eab00000,0x00000000eab00000,0x00000000ead80000)
  from space 512K, 100% used [0x00000000eaf80000,0x00000000eb000000,0x00000000eb000000)
  to   space 1024K, 0% used [0x00000000eae00000,0x00000000eae00000,0x00000000eaf00000)
 ParOldGen       total 667136K, used 667011K [0x00000000c0000000, 0x00000000e8b80000, 0x00000000eab00000)
  object space 667136K, 99% used [0x00000000c0000000,0x00000000e8b60d28,0x00000000e8b80000)
 Metaspace       used 79231K, committed 80704K, reserved 1179648K
  class space    used 7502K, committed 8256K, reserved 1048576K
}
Event: 13716.316 GC heap before
{Heap before GC invocations=9938 (full 16):
 PSYoungGen      total 3072K, used 3072K [0x00000000eab00000, 0x00000000eb000000, 0x0000000100000000)
  eden space 2560K, 100% used [0x00000000eab00000,0x00000000ead80000,0x00000000ead80000)
  from space 512K, 100% used [0x00000000eaf80000,0x00000000eb000000,0x00000000eb000000)
  to   space 1024K, 0% used [0x00000000eae00000,0x00000000eae00000,0x00000000eaf00000)
 ParOldGen       total 667136K, used 667011K [0x00000000c0000000, 0x00000000e8b80000, 0x00000000eab00000)
  object space 667136K, 99% used [0x00000000c0000000,0x00000000e8b60d28,0x00000000e8b80000)
 Metaspace       used 79231K, committed 80704K, reserved 1179648K
  class space    used 7502K, committed 8256K, reserved 1048576K
}
Event: 13716.317 GC heap after
{Heap after GC invocations=9938 (full 16):
 PSYoungGen      total 3584K, used 1024K [0x00000000eab00000, 0x00000000eb080000, 0x0000000100000000)
  eden space 2560K, 0% used [0x00000000eab00000,0x00000000eab00000,0x00000000ead80000)
  from space 1024K, 100% used [0x00000000eae00000,0x00000000eaf00000,0x00000000eaf00000)
  to   space 1536K, 0% used [0x00000000eaf00000,0x00000000eaf00000,0x00000000eb080000)
 ParOldGen       total 667648K, used 667535K [0x00000000c0000000, 0x00000000e8c00000, 0x00000000eab00000)
  object space 667648K, 99% used [0x00000000c0000000,0x00000000e8be3d08,0x00000000e8c00000)
 Metaspace       used 79231K, committed 80704K, reserved 1179648K
  class space    used 7502K, committed 8256K, reserved 1048576K
}

Dll operation events (10 events):
Event: 0.027 Loaded shared library c:\Users\ADMIN\.cursor\extensions\redhat.java-1.42.0-win32-x64\jre\21.0.7-win32-x86_64\bin\java.dll
Event: 0.319 Loaded shared library c:\Users\ADMIN\.cursor\extensions\redhat.java-1.42.0-win32-x64\jre\21.0.7-win32-x86_64\bin\zip.dll
Event: 0.421 Loaded shared library C:\Users\ADMIN\.cursor\extensions\redhat.java-1.42.0-win32-x64\jre\21.0.7-win32-x86_64\bin\instrument.dll
Event: 0.433 Loaded shared library C:\Users\ADMIN\.cursor\extensions\redhat.java-1.42.0-win32-x64\jre\21.0.7-win32-x86_64\bin\net.dll
Event: 0.443 Loaded shared library C:\Users\ADMIN\.cursor\extensions\redhat.java-1.42.0-win32-x64\jre\21.0.7-win32-x86_64\bin\nio.dll
Event: 0.447 Loaded shared library C:\Users\ADMIN\.cursor\extensions\redhat.java-1.42.0-win32-x64\jre\21.0.7-win32-x86_64\bin\zip.dll
Event: 0.476 Loaded shared library C:\Users\ADMIN\.cursor\extensions\redhat.java-1.42.0-win32-x64\jre\21.0.7-win32-x86_64\bin\jimage.dll
Event: 0.572 Loaded shared library c:\Users\ADMIN\.cursor\extensions\redhat.java-1.42.0-win32-x64\jre\21.0.7-win32-x86_64\bin\verify.dll
Event: 7.822 Loaded shared library C:\Users\ADMIN\AppData\Roaming\Cursor\User\globalStorage\redhat.java\1.42.0\config_win\org.eclipse.equinox.launcher\org.eclipse.equinox.launcher.win32.win32.x86_64_1.2.1300.v20250331-1702\eclipse_11911.dll
Event: 16.163 Loaded shared library C:\Users\ADMIN\AppData\Local\Temp\jna-62130991\jna4291990869858301676.dll

Deoptimization events (20 events):
Event: 13436.705 Thread 0x00000217725fcc80 DEOPT PACKING pc=0x0000021721c190c0 sp=0x000000cc787fe6f0
Event: 13436.705 Thread 0x00000217725fcc80 DEOPT UNPACKING pc=0x0000021720563aa2 sp=0x000000cc787fe650 mode 2
Event: 13436.705 Thread 0x00000217725fcc80 Uncommon trap: trap_request=0xffffff66 fr.pc=0x0000021721aca2f8 relative=0x0000000000000178
Event: 13436.705 Thread 0x00000217725fcc80 Uncommon trap: reason=speculate_class_check action=maybe_recompile pc=0x0000021721aca2f8 method=java.lang.invoke.DirectMethodHandle$Holder.invokeSpecial(Ljava/lang/Object;Ljava/lang/Object;Ljava/lang/Object;)Ljava/lang/Object; @ 11 c2
Event: 13436.705 Thread 0x00000217725fcc80 DEOPT PACKING pc=0x0000021721aca2f8 sp=0x000000cc787fe440
Event: 13436.705 Thread 0x00000217725fcc80 DEOPT UNPACKING pc=0x0000021720563aa2 sp=0x000000cc787fdf78 mode 2
Event: 13436.711 Thread 0x00000217725fcc80 Uncommon trap: trap_request=0xffffffde fr.pc=0x0000021721c190c0 relative=0x00000000000001e0
Event: 13436.711 Thread 0x00000217725fcc80 Uncommon trap: reason=class_check action=maybe_recompile pc=0x0000021721c190c0 method=org.eclipse.jdt.internal.compiler.parser.Parser.consumeLocalVariableDeclarationStatement()V @ 24 c2
Event: 13436.711 Thread 0x00000217725fcc80 DEOPT PACKING pc=0x0000021721c190c0 sp=0x000000cc787fe780
Event: 13436.711 Thread 0x00000217725fcc80 DEOPT UNPACKING pc=0x0000021720563aa2 sp=0x000000cc787fe6e0 mode 2
Event: 13480.118 Thread 0x00000217725fcc80 Uncommon trap: trap_request=0xffffff45 fr.pc=0x0000021721f590f8 relative=0x00000000000006d8
Event: 13480.118 Thread 0x00000217725fcc80 Uncommon trap: reason=unstable_if action=reinterpret pc=0x0000021721f590f8 method=org.eclipse.jdt.internal.compiler.parser.Scanner.getNextToken0()Lorg/eclipse/jdt/internal/compiler/parser/TerminalToken; @ 2868 c2
Event: 13480.118 Thread 0x00000217725fcc80 DEOPT PACKING pc=0x0000021721f590f8 sp=0x000000cc787fe980
Event: 13480.118 Thread 0x00000217725fcc80 DEOPT UNPACKING pc=0x0000021720563aa2 sp=0x000000cc787fe8c0 mode 2
Event: 13480.124 Thread 0x00000217725fcc80 Uncommon trap: trap_request=0xffffff45 fr.pc=0x000002172109551c relative=0x000000000000007c
Event: 13480.124 Thread 0x00000217725fcc80 Uncommon trap: reason=unstable_if action=reinterpret pc=0x000002172109551c method=org.eclipse.jdt.internal.compiler.parser.ScannerHelper.isDigit(C)Z @ 4 c2
Event: 13480.124 Thread 0x00000217725fcc80 DEOPT PACKING pc=0x000002172109551c sp=0x000000cc787fe8c0
Event: 13480.124 Thread 0x00000217725fcc80 DEOPT UNPACKING pc=0x0000021720563aa2 sp=0x000000cc787fe858 mode 2
Event: 13715.652 Thread 0x00000217744f24f0 DEOPT PACKING pc=0x000002171901bbed sp=0x000000cc7b5fe580
Event: 13715.652 Thread 0x00000217744f24f0 DEOPT UNPACKING pc=0x0000021720564242 sp=0x000000cc7b5fda30 mode 0

Classes loaded (20 events):
Event: 1333.661 Loading class java/nio/channels/CompletionHandler
Event: 1333.661 Loading class java/nio/channels/CompletionHandler done
Event: 3433.134 Loading class java/util/DualPivotQuicksort$Sorter
Event: 3433.145 Loading class java/util/DualPivotQuicksort$Sorter done
Event: 5279.633 Loading class jdk/internal/icu/text/NormalizerBase$NFCModeImpl
Event: 5279.635 Loading class jdk/internal/icu/text/NormalizerBase$NFCModeImpl done
Event: 5279.635 Loading class jdk/internal/icu/impl/Norm2AllModes$NFCSingleton
Event: 5279.635 Loading class jdk/internal/icu/impl/Norm2AllModes$NFCSingleton done
Event: 5279.642 Loading class java/nio/StringCharBuffer
Event: 5279.643 Loading class java/nio/StringCharBuffer done
Event: 12001.110 Loading class java/util/concurrent/ConcurrentHashMap$TreeNode
Event: 12001.157 Loading class java/util/concurrent/ConcurrentHashMap$TreeNode done
Event: 12001.157 Loading class java/util/concurrent/ConcurrentHashMap$TreeBin
Event: 12001.165 Loading class java/util/concurrent/ConcurrentHashMap$TreeBin done
Event: 12576.841 Loading class java/util/stream/ReferencePipeline$15
Event: 12576.843 Loading class java/util/stream/ReferencePipeline$15 done
Event: 12576.845 Loading class java/util/stream/ReferencePipeline$15$1
Event: 12576.845 Loading class java/util/stream/ReferencePipeline$15$1 done
Event: 12944.105 Loading class java/util/Spliterators$IntArraySpliterator
Event: 12944.106 Loading class java/util/Spliterators$IntArraySpliterator done

Classes unloaded (20 events):
Event: 5250.065 Thread 0x0000021713ac0130 Unloading class 0x000002172b01f800 'java/lang/invoke/LambdaForm$MH+0x000002172b01f800'
Event: 5250.065 Thread 0x0000021713ac0130 Unloading class 0x000002172b082400 'java/lang/invoke/LambdaForm$MH+0x000002172b082400'
Event: 5250.065 Thread 0x0000021713ac0130 Unloading class 0x000002172b176000 'java/lang/invoke/LambdaForm$MH+0x000002172b176000'
Event: 10078.407 Thread 0x0000021713ac0130 Unloading class 0x000002172b230400 'java/lang/invoke/LambdaForm$MH+0x000002172b230400'
Event: 10078.407 Thread 0x0000021713ac0130 Unloading class 0x000002172b231000 'java/lang/invoke/LambdaForm$MH+0x000002172b231000'
Event: 10078.407 Thread 0x0000021713ac0130 Unloading class 0x000002172b272000 'java/lang/invoke/LambdaForm$MH+0x000002172b272000'
Event: 10078.407 Thread 0x0000021713ac0130 Unloading class 0x000002172b2d9000 'java/lang/invoke/LambdaForm$MH+0x000002172b2d9000'
Event: 10078.407 Thread 0x0000021713ac0130 Unloading class 0x000002172b357000 'java/lang/invoke/LambdaForm$MH+0x000002172b357000'
Event: 10078.407 Thread 0x0000021713ac0130 Unloading class 0x000002172b758800 'java/lang/invoke/LambdaForm$MH+0x000002172b758800'
Event: 11175.657 Thread 0x0000021713ac0130 Unloading class 0x000002172b017400 'java/lang/invoke/LambdaForm$MH+0x000002172b017400'
Event: 11175.657 Thread 0x0000021713ac0130 Unloading class 0x000002172b018800 'java/lang/invoke/LambdaForm$MH+0x000002172b018800'
Event: 11175.657 Thread 0x0000021713ac0130 Unloading class 0x000002172b019400 'java/lang/invoke/LambdaForm$MH+0x000002172b019400'
Event: 11175.657 Thread 0x0000021713ac0130 Unloading class 0x000002172b08c000 'java/lang/invoke/LambdaForm$MH+0x000002172b08c000'
Event: 11175.657 Thread 0x0000021713ac0130 Unloading class 0x000002172b098c00 'java/lang/invoke/LambdaForm$MH+0x000002172b098c00'
Event: 11175.657 Thread 0x0000021713ac0130 Unloading class 0x000002172b358400 'java/lang/invoke/LambdaForm$MH+0x000002172b358400'
Event: 11175.657 Thread 0x0000021713ac0130 Unloading class 0x000002172b359400 'java/lang/invoke/LambdaForm$MH+0x000002172b359400'
Event: 11175.657 Thread 0x0000021713ac0130 Unloading class 0x000002172b359800 'java/lang/invoke/LambdaForm$MH+0x000002172b359800'
Event: 11175.657 Thread 0x0000021713ac0130 Unloading class 0x000002172b176000 'java/lang/invoke/LambdaForm$MH+0x000002172b176000'
Event: 11175.657 Thread 0x0000021713ac0130 Unloading class 0x000002172b082400 'java/lang/invoke/LambdaForm$MH+0x000002172b082400'
Event: 11639.596 Thread 0x0000021713ac0130 Unloading class 0x000002172b381c00 'java/lang/invoke/LambdaForm$MH+0x000002172b381c00'

Classes redefined (0 events):
No events

Internal exceptions (20 events):
Event: 13104.815 Thread 0x00000217723b2f20 Exception <a 'sun/nio/fs/WindowsException'{0x00000000ead4b718}> (0x00000000ead4b718) 
thrown [s\src\hotspot\share\prims\jni.cpp, line 520]
Event: 13104.886 Thread 0x00000217723b2f20 Exception <a 'sun/nio/fs/WindowsException'{0x00000000ead65440}> (0x00000000ead65440) 
thrown [s\src\hotspot\share\prims\jni.cpp, line 520]
Event: 13145.855 Thread 0x00000217723b2f20 Exception <a 'sun/nio/fs/WindowsException'{0x00000000eac757a8}> (0x00000000eac757a8) 
thrown [s\src\hotspot\share\prims\jni.cpp, line 520]
Event: 13145.928 Thread 0x00000217723b2f20 Exception <a 'sun/nio/fs/WindowsException'{0x00000000eac2b3d8}> (0x00000000eac2b3d8) 
thrown [s\src\hotspot\share\prims\jni.cpp, line 520]
Event: 13289.449 Thread 0x00000217723b2f20 Exception <a 'sun/nio/fs/WindowsException'{0x00000000eacc4f68}> (0x00000000eacc4f68) 
thrown [s\src\hotspot\share\prims\jni.cpp, line 520]
Event: 13289.529 Thread 0x00000217723b2f20 Exception <a 'sun/nio/fs/WindowsException'{0x00000000eab58120}> (0x00000000eab58120) 
thrown [s\src\hotspot\share\prims\jni.cpp, line 520]
Event: 13399.255 Thread 0x00000217723b2f20 Exception <a 'sun/nio/fs/WindowsException'{0x00000000eab00a28}> (0x00000000eab00a28) 
thrown [s\src\hotspot\share\prims\jni.cpp, line 520]
Event: 13399.375 Thread 0x00000217723b2f20 Exception <a 'sun/nio/fs/WindowsException'{0x00000000eae03708}> (0x00000000eae03708) 
thrown [s\src\hotspot\share\prims\jni.cpp, line 520]
Event: 13426.245 Thread 0x00000217723b2f20 Exception <a 'sun/nio/fs/WindowsException'{0x00000000eabc3508}> (0x00000000eabc3508) 
thrown [s\src\hotspot\share\prims\jni.cpp, line 520]
Event: 13426.346 Thread 0x00000217723b2f20 Exception <a 'sun/nio/fs/WindowsException'{0x00000000eab9a9e0}> (0x00000000eab9a9e0) 
thrown [s\src\hotspot\share\prims\jni.cpp, line 520]
Event: 13451.392 Thread 0x00000217723b2f20 Exception <a 'sun/nio/fs/WindowsException'{0x00000000eac5f8f8}> (0x00000000eac5f8f8) 
thrown [s\src\hotspot\share\prims\jni.cpp, line 520]
Event: 13451.474 Thread 0x00000217723b2f20 Exception <a 'sun/nio/fs/WindowsException'{0x00000000eac37558}> (0x00000000eac37558) 
thrown [s\src\hotspot\share\prims\jni.cpp, line 520]
Event: 13483.849 Thread 0x00000217723b2f20 Exception <a 'sun/nio/fs/WindowsException'{0x00000000eae0b5e0}> (0x00000000eae0b5e0) 
thrown [s\src\hotspot\share\prims\jni.cpp, line 520]
Event: 13483.945 Thread 0x00000217723b2f20 Exception <a 'sun/nio/fs/WindowsException'{0x00000000eac57d78}> (0x00000000eac57d78) 
thrown [s\src\hotspot\share\prims\jni.cpp, line 520]
Event: 13516.236 Thread 0x00000217723b2f20 Exception <a 'sun/nio/fs/WindowsException'{0x00000000eab42080}> (0x00000000eab42080) 
thrown [s\src\hotspot\share\prims\jni.cpp, line 520]
Event: 13516.332 Thread 0x00000217723b2f20 Exception <a 'sun/nio/fs/WindowsException'{0x00000000eac8fe88}> (0x00000000eac8fe88) 
thrown [s\src\hotspot\share\prims\jni.cpp, line 520]
Event: 13517.612 Thread 0x00000217723b2f20 Exception <a 'sun/nio/fs/WindowsException'{0x00000000eabea550}> (0x00000000eabea550) 
thrown [s\src\hotspot\share\prims\jni.cpp, line 520]
Event: 13517.705 Thread 0x00000217723b2f20 Exception <a 'sun/nio/fs/WindowsException'{0x00000000ead09a48}> (0x00000000ead09a48) 
thrown [s\src\hotspot\share\prims\jni.cpp, line 520]
Event: 13715.664 Thread 0x00000217723b2f20 Exception <a 'sun/nio/fs/WindowsException'{0x00000000eac1a0e8}> (0x00000000eac1a0e8) 
thrown [s\src\hotspot\share\prims\jni.cpp, line 520]
Event: 13715.834 Thread 0x00000217723b2f20 Exception <a 'sun/nio/fs/WindowsException'{0x00000000ead3c7a8}> (0x00000000ead3c7a8) 
thrown [s\src\hotspot\share\prims\jni.cpp, line 520]

ZGC Phase Switch (0 events):
No events

VM Operations (20 events):
Event: 13715.707 Executing VM operation: ParallelGCFailedAllocation (Allocation Failure)
Event: 13715.711 Executing VM operation: ParallelGCFailedAllocation (Allocation Failure) done
Event: 13715.734 Executing VM operation: ParallelGCFailedAllocation (Allocation Failure)
Event: 13715.737 Executing VM operation: ParallelGCFailedAllocation (Allocation Failure) done
Event: 13715.744 Executing VM operation: ParallelGCFailedAllocation (Allocation Failure)
Event: 13715.747 Executing VM operation: ParallelGCFailedAllocation (Allocation Failure) done
Event: 13715.757 Executing VM operation: ParallelGCFailedAllocation (Allocation Failure)
Event: 13715.760 Executing VM operation: ParallelGCFailedAllocation (Allocation Failure) done
Event: 13715.932 Executing VM operation: ParallelGCFailedAllocation (Allocation Failure)
Event: 13715.934 Executing VM operation: ParallelGCFailedAllocation (Allocation Failure) done
Event: 13716.031 Executing VM operation: ParallelGCFailedAllocation (Allocation Failure)
Event: 13716.032 Executing VM operation: ParallelGCFailedAllocation (Allocation Failure) done
Event: 13716.036 Executing VM operation: ParallelGCFailedAllocation (Allocation Failure)
Event: 13716.037 Executing VM operation: ParallelGCFailedAllocation (Allocation Failure) done
Event: 13716.145 Executing VM operation: ParallelGCFailedAllocation (Allocation Failure)
Event: 13716.147 Executing VM operation: ParallelGCFailedAllocation (Allocation Failure) done
Event: 13716.308 Executing VM operation: ParallelGCFailedAllocation (Allocation Failure)
Event: 13716.310 Executing VM operation: ParallelGCFailedAllocation (Allocation Failure) done
Event: 13716.316 Executing VM operation: ParallelGCFailedAllocation (Allocation Failure)
Event: 13716.317 Executing VM operation: ParallelGCFailedAllocation (Allocation Failure) done

Memory protections (0 events):
No events

Nmethod flushes (20 events):
Event: 12946.672 Thread 0x0000021713ac0130 flushing  nmethod 0x000002171b9f5f10
Event: 12946.672 Thread 0x0000021713ac0130 flushing  nmethod 0x000002171b9f6290
Event: 12946.672 Thread 0x0000021713ac0130 flushing  nmethod 0x000002171ba09590
Event: 12946.672 Thread 0x0000021713ac0130 flushing  nmethod 0x000002171ba0c490
Event: 12946.672 Thread 0x0000021713ac0130 flushing  nmethod 0x000002171ba14590
Event: 12946.672 Thread 0x0000021713ac0130 flushing  nmethod 0x000002171ba20d90
Event: 12946.672 Thread 0x0000021713ac0130 flushing  nmethod 0x000002171ba38710
Event: 12946.672 Thread 0x0000021713ac0130 flushing  nmethod 0x000002171ba57c10
Event: 12946.672 Thread 0x0000021713ac0130 flushing  nmethod 0x000002171ba7fc90
Event: 12946.672 Thread 0x0000021713ac0130 flushing  nmethod 0x000002171ba8c690
Event: 12946.672 Thread 0x0000021713ac0130 flushing  nmethod 0x000002171ba8cf90
Event: 12946.672 Thread 0x0000021713ac0130 flushing  nmethod 0x000002171bab4490
Event: 12946.672 Thread 0x0000021713ac0130 flushing  nmethod 0x000002171bac4b90
Event: 12946.673 Thread 0x0000021713ac0130 flushing  nmethod 0x000002171bad3410
Event: 12946.673 Thread 0x0000021713ac0130 flushing  nmethod 0x000002171baec110
Event: 12946.673 Thread 0x0000021713ac0130 flushing  nmethod 0x000002171baec510
Event: 12946.673 Thread 0x0000021713ac0130 flushing  nmethod 0x000002171bb0b810
Event: 12946.673 Thread 0x0000021713ac0130 flushing  nmethod 0x000002171bb0c910
Event: 12946.673 Thread 0x0000021713ac0130 flushing  nmethod 0x000002171bb0d890
Event: 12946.673 Thread 0x0000021713ac0130 flushing  nmethod 0x000002171bb27610

Events (20 events):
Event: 13400.466 Thread 0x000002177e0d9570 Thread added: 0x000002177e0dd080
Event: 13426.348 Thread 0x00000217725fbf60 Thread added: 0x000002177e0ddda0
Event: 13480.119 Thread 0x000002176d24f650 Thread added: 0x0000021772837280
Event: 13480.124 Thread 0x000002176d24f650 Thread added: 0x0000021772837950
Event: 13485.148 Thread 0x0000021772837950 Thread exited: 0x0000021772837950
Event: 13486.544 Thread 0x000002177e0db640 Thread exited: 0x000002177e0db640
Event: 13490.159 Thread 0x0000021772837280 Thread exited: 0x0000021772837280
Event: 13516.222 Thread 0x00000217725f8450 Thread exited: 0x00000217725f8450
Event: 13516.333 Thread 0x000002177e0d9570 Thread added: 0x000002177e0deac0
Event: 13518.444 Thread 0x000002177e0deac0 Thread added: 0x000002177e0de430
Event: 13518.448 Thread 0x000002177e0deac0 Thread added: 0x000002177e0db640
Event: 13578.496 Thread 0x000002177e0db640 Thread exited: 0x000002177e0db640
Event: 13578.683 Thread 0x00000217725fcc80 Thread exited: 0x00000217725fcc80
Event: 13579.007 Thread 0x000002177e0deac0 Thread exited: 0x000002177e0deac0
Event: 13589.498 Thread 0x00000217725fbf60 Thread added: 0x000002177e0df7e0
Event: 13589.498 Thread 0x000002177e0df7e0 Thread exited: 0x000002177e0df7e0
Event: 13699.363 Thread 0x000002177e0da920 Thread exited: 0x000002177e0da920
Event: 13700.480 Thread 0x000002177e0dd080 Thread exited: 0x000002177e0dd080
Event: 13715.752 Thread 0x00000217725fbf60 Thread added: 0x000002177e0d8850
Event: 13715.754 Thread 0x00000217725fbf60 Thread added: 0x000002177e0deac0


Dynamic libraries:
0x00007ff70b1a0000 - 0x00007ff70b1ae000 	c:\Users\ADMIN\.cursor\extensions\redhat.java-1.42.0-win32-x64\jre\21.0.7-win32-x86_64\bin\java.exe
0x00007ffc57e10000 - 0x00007ffc58027000 	C:\WINDOWS\SYSTEM32\ntdll.dll
0x00007ffc56d70000 - 0x00007ffc56e34000 	C:\WINDOWS\System32\KERNEL32.DLL
0x00007ffc55470000 - 0x00007ffc55843000 	C:\WINDOWS\System32\KERNELBASE.dll
0x00007ffc55020000 - 0x00007ffc55131000 	C:\WINDOWS\System32\ucrtbase.dll
0x00007ffc44030000 - 0x00007ffc44048000 	c:\Users\ADMIN\.cursor\extensions\redhat.java-1.42.0-win32-x64\jre\21.0.7-win32-x86_64\bin\jli.dll
0x00007ffc44010000 - 0x00007ffc4402e000 	c:\Users\ADMIN\.cursor\extensions\redhat.java-1.42.0-win32-x64\jre\21.0.7-win32-x86_64\bin\VCRUNTIME140.dll
0x00007ffc56680000 - 0x00007ffc56831000 	C:\WINDOWS\System32\USER32.dll
0x00007ffc45700000 - 0x00007ffc45998000 	C:\WINDOWS\WinSxS\amd64_microsoft.windows.common-controls_6595b64144ccf1df_6.0.22621.5124_none_270e8f4f7386d69d\COMCTL32.dll
0x00007ffc55910000 - 0x00007ffc55936000 	C:\WINDOWS\System32\win32u.dll
0x00007ffc57850000 - 0x00007ffc578f7000 	C:\WINDOWS\System32\msvcrt.dll
0x00007ffc57610000 - 0x00007ffc57639000 	C:\WINDOWS\System32\GDI32.dll
0x00007ffc551e0000 - 0x00007ffc552fb000 	C:\WINDOWS\System32\gdi32full.dll
0x00007ffc55140000 - 0x00007ffc551da000 	C:\WINDOWS\System32\msvcp_win.dll
0x00007ffc568b0000 - 0x00007ffc568e1000 	C:\WINDOWS\System32\IMM32.DLL
0x00007ffc45aa0000 - 0x00007ffc45aac000 	c:\Users\ADMIN\.cursor\extensions\redhat.java-1.42.0-win32-x64\jre\21.0.7-win32-x86_64\bin\vcruntime140_1.dll
0x00007ffbcf430000 - 0x00007ffbcf4bd000 	c:\Users\ADMIN\.cursor\extensions\redhat.java-1.42.0-win32-x64\jre\21.0.7-win32-x86_64\bin\msvcp140.dll
0x00007ffb8ba70000 - 0x00007ffb8c800000 	c:\Users\ADMIN\.cursor\extensions\redhat.java-1.42.0-win32-x64\jre\21.0.7-win32-x86_64\bin\server\jvm.dll
0x00007ffc571e0000 - 0x00007ffc57291000 	C:\WINDOWS\System32\ADVAPI32.dll
0x00007ffc57c10000 - 0x00007ffc57cb8000 	C:\WINDOWS\System32\sechost.dll
0x00007ffc55a80000 - 0x00007ffc55aa8000 	C:\WINDOWS\System32\bcrypt.dll
0x00007ffc55cc0000 - 0x00007ffc55dd4000 	C:\WINDOWS\System32\RPCRT4.dll
0x00007ffc57cc0000 - 0x00007ffc57d31000 	C:\WINDOWS\System32\WS2_32.dll
0x00007ffc54e00000 - 0x00007ffc54e4d000 	C:\WINDOWS\SYSTEM32\POWRPROF.dll
0x00007ffc4e690000 - 0x00007ffc4e6c4000 	C:\WINDOWS\SYSTEM32\WINMM.dll
0x00007ffc4db40000 - 0x00007ffc4db4a000 	C:\WINDOWS\SYSTEM32\VERSION.dll
0x00007ffc54de0000 - 0x00007ffc54df3000 	C:\WINDOWS\SYSTEM32\UMPDC.dll
0x00007ffc53f50000 - 0x00007ffc53f68000 	C:\WINDOWS\SYSTEM32\kernel.appcore.dll
0x00007ffc44340000 - 0x00007ffc4434a000 	c:\Users\ADMIN\.cursor\extensions\redhat.java-1.42.0-win32-x64\jre\21.0.7-win32-x86_64\bin\jimage.dll
0x00007ffc4e250000 - 0x00007ffc4e482000 	C:\WINDOWS\SYSTEM32\DBGHELP.DLL
0x00007ffc56e40000 - 0x00007ffc571d2000 	C:\WINDOWS\System32\combase.dll
0x00007ffc57460000 - 0x00007ffc57537000 	C:\WINDOWS\System32\OLEAUT32.dll
0x00007ffc40f60000 - 0x00007ffc40f92000 	C:\WINDOWS\SYSTEM32\dbgcore.DLL
0x00007ffc54f20000 - 0x00007ffc54f9b000 	C:\WINDOWS\System32\bcryptPrimitives.dll
0x00007ffc3d330000 - 0x00007ffc3d33f000 	c:\Users\ADMIN\.cursor\extensions\redhat.java-1.42.0-win32-x64\jre\21.0.7-win32-x86_64\bin\instrument.dll
0x00007ffc2d670000 - 0x00007ffc2d68f000 	c:\Users\ADMIN\.cursor\extensions\redhat.java-1.42.0-win32-x64\jre\21.0.7-win32-x86_64\bin\java.dll
0x00007ffc55de0000 - 0x00007ffc56676000 	C:\WINDOWS\System32\SHELL32.dll
0x00007ffc55940000 - 0x00007ffc55a7f000 	C:\WINDOWS\System32\wintypes.dll
0x00007ffc52e40000 - 0x00007ffc5375a000 	C:\WINDOWS\SYSTEM32\windows.storage.dll
0x00007ffc57900000 - 0x00007ffc57a0a000 	C:\WINDOWS\System32\SHCORE.dll
0x00007ffc55b40000 - 0x00007ffc55ba3000 	C:\WINDOWS\System32\shlwapi.dll
0x00007ffc54e50000 - 0x00007ffc54e7b000 	C:\WINDOWS\SYSTEM32\profapi.dll
0x00007ffc2bd80000 - 0x00007ffc2bd98000 	c:\Users\ADMIN\.cursor\extensions\redhat.java-1.42.0-win32-x64\jre\21.0.7-win32-x86_64\bin\zip.dll
0x00007ffc387d0000 - 0x00007ffc387e0000 	C:\Users\ADMIN\.cursor\extensions\redhat.java-1.42.0-win32-x64\jre\21.0.7-win32-x86_64\bin\net.dll
0x00007ffc4e820000 - 0x00007ffc4e94c000 	C:\WINDOWS\SYSTEM32\WINHTTP.dll
0x00007ffc543d0000 - 0x00007ffc5443a000 	C:\WINDOWS\system32\mswsock.dll
0x00007ffc2bd60000 - 0x00007ffc2bd76000 	C:\Users\ADMIN\.cursor\extensions\redhat.java-1.42.0-win32-x64\jre\21.0.7-win32-x86_64\bin\nio.dll
0x00007ffc37800000 - 0x00007ffc37810000 	c:\Users\ADMIN\.cursor\extensions\redhat.java-1.42.0-win32-x64\jre\21.0.7-win32-x86_64\bin\verify.dll
0x00007ffbdace0000 - 0x00007ffbdad25000 	C:\Users\ADMIN\AppData\Roaming\Cursor\User\globalStorage\redhat.java\1.42.0\config_win\org.eclipse.equinox.launcher\org.eclipse.equinox.launcher.win32.win32.x86_64_1.2.1300.v20250331-1702\eclipse_11911.dll
0x00007ffc572a0000 - 0x00007ffc57441000 	C:\WINDOWS\System32\ole32.dll
0x00007ffc54630000 - 0x00007ffc5464b000 	C:\WINDOWS\SYSTEM32\CRYPTSP.dll
0x00007ffc53eb0000 - 0x00007ffc53ee7000 	C:\WINDOWS\system32\rsaenh.dll
0x00007ffc544c0000 - 0x00007ffc544e8000 	C:\WINDOWS\SYSTEM32\USERENV.dll
0x00007ffc54620000 - 0x00007ffc5462c000 	C:\WINDOWS\SYSTEM32\CRYPTBASE.dll
0x00007ffc539c0000 - 0x00007ffc539ed000 	C:\WINDOWS\SYSTEM32\IPHLPAPI.DLL
0x00007ffc57450000 - 0x00007ffc57459000 	C:\WINDOWS\System32\NSI.dll
0x00007ffbbaf70000 - 0x00007ffbbafb9000 	C:\Users\ADMIN\AppData\Local\Temp\jna-62130991\jna4291990869858301676.dll
0x00007ffc57c00000 - 0x00007ffc57c08000 	C:\WINDOWS\System32\PSAPI.DLL
0x00007ffc4e1c0000 - 0x00007ffc4e1d9000 	C:\WINDOWS\SYSTEM32\dhcpcsvc6.DLL
0x00007ffc4e1a0000 - 0x00007ffc4e1bf000 	C:\WINDOWS\SYSTEM32\dhcpcsvc.DLL

dbghelp: loaded successfully - version: 4.0.5 - missing functions: none
symbol engine: initialized successfully - sym options: 0x614 - pdb path: .;c:\Users\ADMIN\.cursor\extensions\redhat.java-1.42.0-win32-x64\jre\21.0.7-win32-x86_64\bin;C:\WINDOWS\SYSTEM32;C:\WINDOWS\WinSxS\amd64_microsoft.windows.common-controls_6595b64144ccf1df_6.0.22621.5124_none_270e8f4f7386d69d;c:\Users\ADMIN\.cursor\extensions\redhat.java-1.42.0-win32-x64\jre\21.0.7-win32-x86_64\bin\server;C:\Users\ADMIN\AppData\Roaming\Cursor\User\globalStorage\redhat.java\1.42.0\config_win\org.eclipse.equinox.launcher\org.eclipse.equinox.launcher.win32.win32.x86_64_1.2.1300.v20250331-1702;C:\Users\ADMIN\AppData\Local\Temp\jna-62130991

VM Arguments:
jvm_args: --add-modules=ALL-SYSTEM --add-opens=java.base/java.util=ALL-UNNAMED --add-opens=java.base/java.lang=ALL-UNNAMED --add-opens=java.base/sun.nio.fs=ALL-UNNAMED -Declipse.application=org.eclipse.jdt.ls.core.id1 -Dosgi.bundles.defaultStartLevel=4 -Declipse.product=org.eclipse.jdt.ls.core.product -Djava.import.generatesMetadataFilesAtProjectRoot=false -DDetectVMInstallationsJob.disabled=true -Dfile.encoding=utf8 -XX:+UseParallelGC -XX:GCTimeRatio=4 -XX:AdaptiveSizePolicyWeight=90 -Dsun.zip.disableMemoryMapping=true -Xmx1G -Xms100m -Xlog:disable -javaagent:c:\Users\ADMIN\.cursor\extensions\redhat.java-1.42.0-win32-x64\lombok\lombok-1.18.36.jar -XX:+HeapDumpOnOutOfMemoryError -XX:HeapDumpPath=c:\Users\ADMIN\AppData\Roaming\Cursor\User\workspaceStorage\ec06299c7a48b930900c32dc4f448a39\redhat.java -Daether.dependencyCollector.impl=bf 
java_command: c:\Users\ADMIN\.cursor\extensions\redhat.java-1.42.0-win32-x64\server\plugins\org.eclipse.equinox.launcher_1.7.0.v20250424-1814.jar -configuration c:\Users\ADMIN\AppData\Roaming\Cursor\User\globalStorage\redhat.java\1.42.0\config_win -data c:\Users\ADMIN\AppData\Roaming\Cursor\User\workspaceStorage\ec06299c7a48b930900c32dc4f448a39\redhat.java\jdt_ws --pipe=\\.\pipe\lsp-0ee748f0a4bf6dbca2cbce29c04dadf6-sock
java_class_path (initial): c:\Users\ADMIN\.cursor\extensions\redhat.java-1.42.0-win32-x64\server\plugins\org.eclipse.equinox.launcher_1.7.0.v20250424-1814.jar
Launcher Type: SUN_STANDARD

[Global flags]
    uintx AdaptiveSizePolicyWeight                 = 90                                        {product} {command line}
     intx CICompilerCount                          = 4                                         {product} {ergonomic}
    uintx GCTimeRatio                              = 4                                         {product} {command line}
     bool HeapDumpOnOutOfMemoryError               = true                                   {manageable} {command line}
    ccstr HeapDumpPath                             = c:\Users\ADMIN\AppData\Roaming\Cursor\User\workspaceStorage\ec06299c7a48b930900c32dc4f448a39\redhat.java         {manageable} {command line}
   size_t InitialHeapSize                          = 104857600                                 {product} {command line}
   size_t MaxHeapSize                              = 1073741824                                {product} {command line}
   size_t MaxNewSize                               = 357564416                                 {product} {ergonomic}
   size_t MinHeapDeltaBytes                        = 524288                                    {product} {ergonomic}
   size_t MinHeapSize                              = 104857600                                 {product} {command line}
   size_t NewSize                                  = 34603008                                  {product} {ergonomic}
    uintx NonNMethodCodeHeapSize                   = 5839372                                {pd product} {ergonomic}
    uintx NonProfiledCodeHeapSize                  = 122909434                              {pd product} {ergonomic}
   size_t OldSize                                  = 70254592                                  {product} {ergonomic}
    uintx ProfiledCodeHeapSize                     = 122909434                              {pd product} {ergonomic}
    uintx ReservedCodeCacheSize                    = 251658240                              {pd product} {ergonomic}
     bool SegmentedCodeCache                       = true                                      {product} {ergonomic}
   size_t SoftMaxHeapSize                          = 1073741824                             {manageable} {ergonomic}
     bool UseCompressedOops                        = true                           {product lp64_product} {ergonomic}
     bool UseLargePagesIndividualAllocation        = false                                  {pd product} {ergonomic}
     bool UseParallelGC                            = true                                      {product} {command line}

Logging:
Log output configuration:
 #0: stdout all=off uptime,level,tags foldmultilines=false
 #1: stderr all=off uptime,level,tags foldmultilines=false

Environment Variables:
PATH=C:\Program Files\BraveSoftware\Brave-Browser\Application;C:\Program Files\Common Files\Oracle\Java\javapath;C:\Program Files (x86)\Common Files\Oracle\Java\javapath;C:\Program Files\Python312\Scripts\;C:\Program Files\Python312\;C:\Program Files (x86)\Razer Chroma SDK\bin;C:\Program Files\Razer Chroma SDK\bin;C:\Program Files (x86)\Razer\ChromaBroadcast\bin;C:\Program Files\Razer\ChromaBroadcast\bin;C:\Windows\system32;C:\Windows;C:\Windows\System32\Wbem;C:\Windows\System32\WindowsPowerShell\v1.0\;C:\Windows\System32\OpenSSH\;C:\Users\ADMIN\AppData\Local\Microsoft\WindowsApps;C:\WINDOWS\system32;C:\WINDOWS;C:\WINDOWS\System32\Wbem;C:\WINDOWS\System32\WindowsPowerShell\v1.0\;C:\WINDOWS\System32\OpenSSH\;C:\Users\ADMIN\AppData\Local\Programs\Microsoft VS Code\bin;C:\Program Files\Python312;C:\Program Files\Python312\Scripts;C:\Program Files\dotnet\;D:\Git\cmd;C:\Users\ADMIN\AppData\Local\Microsoft\WindowsApps;C:\msys64\ucrt64\bin;D:\Microsoft VS Code\bin;C:\Users\ADMIN\AppData\Local\Muse Hub\lib
USERNAME=ADMIN
OS=Windows_NT
PROCESSOR_IDENTIFIER=AMD64 Family 23 Model 96 Stepping 1, AuthenticAMD
TMP=C:\Users\ADMIN\AppData\Local\Temp
TEMP=C:\Users\ADMIN\AppData\Local\Temp




Periodic native trim disabled

---------------  S Y S T E M  ---------------

OS:
 Windows 11 , 64 bit Build 22621 (10.0.22621.5124)
OS uptime: 0 days 12:47 hours

CPU: total 12 (initial active 12) (12 cores per cpu, 2 threads per core) family 23 model 96 stepping 1 microcode 0x0, cx8, cmov, fxsr, ht, mmx, 3dnowpref, sse, sse2, sse3, ssse3, sse4a, sse4.1, sse4.2, popcnt, lzcnt, tsc, tscinvbit, avx, avx2, aes, clmul, bmi1, bmi2, adx, sha, fma, vzeroupper, clflush, clflushopt, rdtscp, rdpid, f16c
Processor Information for the first 12 processors :
  Max Mhz: 3701, Current Mhz: 3701, Mhz Limit: 3701

Memory: 4k page, system-wide physical 15662M (4233M free)
TotalPageFile size 29073M (AvailPageFile size 4928M)
current process WorkingSet (physical memory assigned to process): 948M, peak: 1098M
current process commit charge ("private bytes"): 978M, peak: 1031M

vm_info: OpenJDK 64-Bit Server VM (21.0.7+6-LTS) for windows-amd64 JRE (21.0.7+6-LTS), built on 2025-04-15T00:00:00Z by "admin" with MS VC++ 17.7 (VS2022)

END.
